# JRE version: Java(TM) SE Runtime Environment (8.0_162-b12) (build 1.8.0_162-b12)
# Java VM: Java HotSpot(TM) 64-Bit Server VM (25.162-b12 mixed mode windows-amd64 compressed oops)
Heap:
 PSYoungGen      total 87552K, used 43883K [0x000000078b980000, 0x0000000791580000, 0x00000007c0000000)
  eden space 80896K, 46% used [0x000000078b980000,0x000000078dde2f20,0x0000000790880000)
  from space 6656K, 99% used [0x0000000790f00000,0x0000000791578040,0x0000000791580000)
  to   space 6656K, 0% used [0x0000000790880000,0x0000000790880000,0x0000000790f00000)
 ParOldGen       total 108032K, used 2565K [0x0000000722c00000, 0x0000000729580000, 0x000000078b980000)
  object space 108032K, 2% used [0x0000000722c00000,0x0000000722e81770,0x0000000729580000)
 Metaspace       used 13194K, capacity 13544K, committed 13696K, reserved 1060864K
  class space    used 1550K, capacity 1624K, committed 1664K, reserved 1048576K
GC Heap History (8 events):
Event: 1.348 GC heap before
{Heap before GC invocations=1 (full 0):
 PSYoungGen      total 47104K, used 40448K [0x000000078b980000, 0x000000078ee00000, 0x00000007c0000000)
  eden space 40448K, 100% used [0x000000078b980000,0x000000078e100000,0x000000078e100000)
  from space 6656K, 0% used [0x000000078e780000,0x000000078e780000,0x000000078ee00000)
  to   space 6656K, 0% used [0x000000078e100000,0x000000078e100000,0x000000078e780000)
 ParOldGen       total 108032K, used 0K [0x0000000722c00000, 0x0000000729580000, 0x000000078b980000)
  object space 108032K, 0% used [0x0000000722c00000,0x0000000722c00000,0x0000000729580000)
 Metaspace       used 8656K, capacity 8872K, committed 9216K, reserved 1056768K
  class space    used 1104K, capacity 1185K, committed 1280K, reserved 1048576K
Event: 1.359 GC heap after
Heap after GC invocations=1 (full 0):
 PSYoungGen      total 47104K, used 5565K [0x000000078b980000, 0x000000078ee00000, 0x00000007c0000000)
  eden space 40448K, 0% used [0x000000078b980000,0x000000078b980000,0x000000078e100000)
  from space 6656K, 83% used [0x000000078e100000,0x000000078e66f4f8,0x000000078e780000)
  to   space 6656K, 0% used [0x000000078e780000,0x000000078e780000,0x000000078ee00000)
 ParOldGen       total 108032K, used 16K [0x0000000722c00000, 0x0000000729580000, 0x000000078b980000)
  object space 108032K, 0% used [0x0000000722c00000,0x0000000722c04000,0x0000000729580000)
 Metaspace       used 8656K, capacity 8872K, committed 9216K, reserved 1056768K
  class space    used 1104K, capacity 1185K, committed 1280K, reserved 1048576K
}
Event: 2.467 GC heap before
{Heap before GC invocations=2 (full 0):
 PSYoungGen      total 47104K, used 46013K [0x000000078b980000, 0x000000078ee00000, 0x00000007c0000000)
  eden space 40448K, 100% used [0x000000078b980000,0x000000078e100000,0x000000078e100000)
  from space 6656K, 83% used [0x000000078e100000,0x000000078e66f4f8,0x000000078e780000)
  to   space 6656K, 0% used [0x000000078e780000,0x000000078e780000,0x000000078ee00000)
 ParOldGen       total 108032K, used 16K [0x0000000722c00000, 0x0000000729580000, 0x000000078b980000)
  object space 108032K, 0% used [0x0000000722c00000,0x0000000722c04000,0x0000000729580000)
 Metaspace       used 12578K, capacity 12902K, committed 13184K, reserved 1060864K
  class space    used 1530K, capacity 1613K, committed 1664K, reserved 1048576K
Event: 2.483 GC heap after
Heap after GC invocations=2 (full 0):
 PSYoungGen      total 47104K, used 6642K [0x000000078b980000, 0x0000000791580000, 0x00000007c0000000)
  eden space 40448K, 0% used [0x000000078b980000,0x000000078b980000,0x000000078e100000)
  from space 6656K, 99% used [0x000000078e780000,0x000000078edfca98,0x000000078ee00000)
  to   space 6656K, 0% used [0x000000078e100000,0x000000078e100000,0x000000078e780000)
 ParOldGen       total 108032K, used 813K [0x0000000722c00000, 0x0000000729580000, 0x000000078b980000)
  object space 108032K, 0% used [0x0000000722c00000,0x0000000722ccb770,0x0000000729580000)
 Metaspace       used 12578K, capacity 12902K, committed 13184K, reserved 1060864K
  class space    used 1530K, capacity 1613K, committed 1664K, reserved 1048576K
}
Event: 3.279 GC heap before
{Heap before GC invocations=3 (full 0):
 PSYoungGen      total 47104K, used 47090K [0x000000078b980000, 0x0000000791580000, 0x00000007c0000000)
  eden space 40448K, 100% used [0x000000078b980000,0x000000078e100000,0x000000078e100000)
  from space 6656K, 99% used [0x000000078e780000,0x000000078edfca98,0x000000078ee00000)
  to   space 6656K, 0% used [0x000000078e100000,0x000000078e100000,0x000000078e780000)
 ParOldGen       total 108032K, used 813K [0x0000000722c00000, 0x0000000729580000, 0x000000078b980000)
  object space 108032K, 0% used [0x0000000722c00000,0x0000000722ccb770,0x0000000729580000)
 Metaspace       used 12686K, capacity 12984K, committed 13184K, reserved 1060864K
  class space    used 1532K, capacity 1616K, committed 1664K, reserved 1048576K
Event: 3.293 GC heap after
Heap after GC invocations=3 (full 0):
 PSYoungGen      total 47104K, used 6496K [0x000000078b980000, 0x0000000791580000, 0x00000007c0000000)
  eden space 40448K, 0% used [0x000000078b980000,0x000000078b980000,0x000000078e100000)
  from space 6656K, 97% used [0x000000078e100000,0x000000078e758020,0x000000078e780000)
  to   space 6656K, 0% used [0x0000000790f00000,0x0000000790f00000,0x0000000791580000)
 ParOldGen       total 108032K, used 821K [0x0000000722c00000, 0x0000000729580000, 0x000000078b980000)
  object space 108032K, 0% used [0x0000000722c00000,0x0000000722ccd770,0x0000000729580000)
 Metaspace       used 12686K, capacity 12984K, committed 13184K, reserved 1060864K
  class space    used 1532K, capacity 1616K, committed 1664K, reserved 1048576K
}
Event: 4.164 GC heap before
{Heap before GC invocations=4 (full 0):
 PSYoungGen      total 47104K, used 46944K [0x000000078b980000, 0x0000000791580000, 0x00000007c0000000)
  eden space 40448K, 100% used [0x000000078b980000,0x000000078e100000,0x000000078e100000)
  from space 6656K, 97% used [0x000000078e100000,0x000000078e758020,0x000000078e780000)
  to   space 6656K, 0% used [0x0000000790f00000,0x0000000790f00000,0x0000000791580000)
 ParOldGen       total 108032K, used 821K [0x0000000722c00000, 0x0000000729580000, 0x000000078b980000)
  object space 108032K, 0% used [0x0000000722c00000,0x0000000722ccd770,0x0000000729580000)
 Metaspace       used 12913K, capacity 13206K, committed 13440K, reserved 1060864K
  class space    used 1538K, capacity 1621K, committed 1664K, reserved 1048576K
Event: 4.193 GC heap after
Heap after GC invocations=4 (full 0):
 PSYoungGen      total 87552K, used 6624K [0x000000078b980000, 0x0000000791580000, 0x00000007c0000000)
  eden space 80896K, 0% used [0x000000078b980000,0x000000078b980000,0x0000000790880000)
  from space 6656K, 99% used [0x0000000790f00000,0x0000000791578040,0x0000000791580000)
  to   space 6656K, 0% used [0x0000000790880000,0x0000000790880000,0x0000000790f00000)
 ParOldGen       total 108032K, used 2565K [0x0000000722c00000, 0x0000000729580000, 0x000000078b980000)
  object space 108032K, 2% used [0x0000000722c00000,0x0000000722e81770,0x0000000729580000)
 Metaspace       used 12913K, capacity 13206K, committed 13440K, reserved 1060864K
  class space    used 1538K, capacity 1621K, committed 1664K, reserved 1048576K
}

