# JRE version: OpenJDK Runtime Environment (8.0_151-b12) (build 1.8.0_151-8u151-b12-0ubuntu0.17.10.2-b12)
# Java VM: OpenJDK 64-Bit Server VM (25.151-b12 mixed mode linux-amd64 compressed oops)
Heap:
 PSYoungGen      total 627712K, used 1490K [0x00000000d7100000, 0x0000000100000000, 0x0000000100000000)
  eden space 584704K, 0% used [0x00000000d7100000,0x00000000d7100000,0x00000000fac00000)
  from space 43008K, 3% used [0x00000000fac00000,0x00000000fad74bb8,0x00000000fd600000)
  to   space 43008K, 0% used [0x00000000fd600000,0x00000000fd600000,0x0000000100000000)
 ParOldGen       total 263168K, used 262832K [0x0000000085200000, 0x0000000095300000, 0x00000000d7100000)
  object space 263168K, 99% used [0x0000000085200000,0x00000000952ac210,0x0000000095300000)
 Metaspace       used 88325K, capacity 89784K, committed 89984K, reserved 1128448K
  class space    used 9653K, capacity 10068K, committed 10112K, reserved 1048576K
GC Heap History (10 events):
Event: 12,950 GC heap after
Heap after GC invocations=17 (full 3):
 PSYoungGen      total 592896K, used 26616K [0x00000000d7100000, 0x00000000fe500000, 0x0000000100000000)
  eden space 566272K, 0% used [0x00000000d7100000,0x00000000d7100000,0x00000000f9a00000)
  from space 26624K, 99% used [0x00000000fc480000,0x00000000fde7e1c8,0x00000000fde80000)
  to   space 38400K, 0% used [0x00000000f9a00000,0x00000000f9a00000,0x00000000fbf80000)
 ParOldGen       total 140800K, used 63497K [0x0000000085200000, 0x000000008db80000, 0x00000000d7100000)
  object space 140800K, 45% used [0x0000000085200000,0x0000000089002798,0x000000008db80000)
 Metaspace       used 66972K, capacity 67674K, committed 68352K, reserved 1110016K
  class space    used 7659K, capacity 7900K, committed 7936K, reserved 1048576K
}
Event: 15,764 GC heap before
{Heap before GC invocations=18 (full 3):
 PSYoungGen      total 592896K, used 592888K [0x00000000d7100000, 0x00000000fe500000, 0x0000000100000000)
  eden space 566272K, 100% used [0x00000000d7100000,0x00000000f9a00000,0x00000000f9a00000)
  from space 26624K, 99% used [0x00000000fc480000,0x00000000fde7e1c8,0x00000000fde80000)
  to   space 38400K, 0% used [0x00000000f9a00000,0x00000000f9a00000,0x00000000fbf80000)
 ParOldGen       total 140800K, used 63497K [0x0000000085200000, 0x000000008db80000, 0x00000000d7100000)
  object space 140800K, 45% used [0x0000000085200000,0x0000000089002798,0x000000008db80000)
 Metaspace       used 76769K, capacity 77874K, committed 78080K, reserved 1118208K
  class space    used 8310K, capacity 8640K, committed 8704K, reserved 1048576K
Event: 15,814 GC heap after
Heap after GC invocations=18 (full 3):
 PSYoungGen      total 604672K, used 33748K [0x00000000d7100000, 0x0000000100000000, 0x0000000100000000)
  eden space 566272K, 0% used [0x00000000d7100000,0x00000000d7100000,0x00000000f9a00000)
  from space 38400K, 87% used [0x00000000f9a00000,0x00000000fbaf53f8,0x00000000fbf80000)
  to   space 43008K, 0% used [0x00000000fd600000,0x00000000fd600000,0x0000000100000000)
 ParOldGen       total 140800K, used 90154K [0x0000000085200000, 0x000000008db80000, 0x00000000d7100000)
  object space 140800K, 64% used [0x0000000085200000,0x000000008aa0a980,0x000000008db80000)
 Metaspace       used 76769K, capacity 77874K, committed 78080K, reserved 1118208K
  class space    used 8310K, capacity 8640K, committed 8704K, reserved 1048576K
}
Event: 302,499 GC heap before
{Heap before GC invocations=19 (full 3):
 PSYoungGen      total 604672K, used 600020K [0x00000000d7100000, 0x0000000100000000, 0x0000000100000000)
  eden space 566272K, 100% used [0x00000000d7100000,0x00000000f9a00000,0x00000000f9a00000)
  from space 38400K, 87% used [0x00000000f9a00000,0x00000000fbaf53f8,0x00000000fbf80000)
  to   space 43008K, 0% used [0x00000000fd600000,0x00000000fd600000,0x0000000100000000)
 ParOldGen       total 140800K, used 90154K [0x0000000085200000, 0x000000008db80000, 0x00000000d7100000)
  object space 140800K, 64% used [0x0000000085200000,0x000000008aa0a980,0x000000008db80000)
 Metaspace       used 86485K, capacity 87876K, committed 88064K, reserved 1128448K
  class space    used 9472K, capacity 9882K, committed 9984K, reserved 1048576K
Event: 302,550 GC heap after
Heap after GC invocations=19 (full 3):
 PSYoungGen      total 627712K, used 23375K [0x00000000d7100000, 0x0000000100000000, 0x0000000100000000)
  eden space 584704K, 0% used [0x00000000d7100000,0x00000000d7100000,0x00000000fac00000)
  from space 43008K, 54% used [0x00000000fd600000,0x00000000fecd3f50,0x0000000100000000)
  to   space 43008K, 0% used [0x00000000fac00000,0x00000000fac00000,0x00000000fd600000)
 ParOldGen       total 140800K, used 117940K [0x0000000085200000, 0x000000008db80000, 0x00000000d7100000)
  object space 140800K, 83% used [0x0000000085200000,0x000000008c52d318,0x000000008db80000)
 Metaspace       used 86485K, capacity 87876K, committed 88064K, reserved 1128448K
  class space    used 9472K, capacity 9882K, committed 9984K, reserved 1048576K
}
Event: 302,550 GC heap before
{Heap before GC invocations=20 (full 4):
 PSYoungGen      total 627712K, used 23375K [0x00000000d7100000, 0x0000000100000000, 0x0000000100000000)
  eden space 584704K, 0% used [0x00000000d7100000,0x00000000d7100000,0x00000000fac00000)
  from space 43008K, 54% used [0x00000000fd600000,0x00000000fecd3f50,0x0000000100000000)
  to   space 43008K, 0% used [0x00000000fac00000,0x00000000fac00000,0x00000000fd600000)
 ParOldGen       total 140800K, used 117940K [0x0000000085200000, 0x000000008db80000, 0x00000000d7100000)
  object space 140800K, 83% used [0x0000000085200000,0x000000008c52d318,0x000000008db80000)
 Metaspace       used 86485K, capacity 87876K, committed 88064K, reserved 1128448K
  class space    used 9472K, capacity 9882K, committed 9984K, reserved 1048576K
Event: 302,946 GC heap after
Heap after GC invocations=20 (full 4):
 PSYoungGen      total 627712K, used 0K [0x00000000d7100000, 0x0000000100000000, 0x0000000100000000)
  eden space 584704K, 0% used [0x00000000d7100000,0x00000000d7100000,0x00000000fac00000)
  from space 43008K, 0% used [0x00000000fd600000,0x00000000fd600000,0x0000000100000000)
  to   space 43008K, 0% used [0x00000000fac00000,0x00000000fac00000,0x00000000fd600000)
 ParOldGen       total 263168K, used 131641K [0x0000000085200000, 0x0000000095300000, 0x00000000d7100000)
  object space 263168K, 50% used [0x0000000085200000,0x000000008d28e420,0x0000000095300000)
 Metaspace       used 86478K, capacity 87864K, committed 88064K, reserved 1128448K
  class space    used 9471K, capacity 9880K, committed 9984K, reserved 1048576K
}
Event: 309,097 GC heap before
{Heap before GC invocations=21 (full 4):
 PSYoungGen      total 627712K, used 584704K [0x00000000d7100000, 0x0000000100000000, 0x0000000100000000)
  eden space 584704K, 100% used [0x00000000d7100000,0x00000000fac00000,0x00000000fac00000)
  from space 43008K, 0% used [0x00000000fd600000,0x00000000fd600000,0x0000000100000000)
  to   space 43008K, 0% used [0x00000000fac00000,0x00000000fac00000,0x00000000fd600000)
 ParOldGen       total 263168K, used 131641K [0x0000000085200000, 0x0000000095300000, 0x00000000d7100000)
  object space 263168K, 50% used [0x0000000085200000,0x000000008d28e420,0x0000000095300000)
 Metaspace       used 88325K, capacity 89784K, committed 89984K, reserved 1128448K
  class space    used 9653K, capacity 10068K, committed 10112K, reserved 1048576K
Event: 309,319 GC heap after
Heap after GC invocations=21 (full 4):
 PSYoungGen      total 627712K, used 42979K [0x00000000d7100000, 0x0000000100000000, 0x0000000100000000)
  eden space 584704K, 0% used [0x00000000d7100000,0x00000000d7100000,0x00000000fac00000)
  from space 43008K, 99% used [0x00000000fac00000,0x00000000fd5f8d08,0x00000000fd600000)
  to   space 43008K, 0% used [0x00000000fd600000,0x00000000fd600000,0x0000000100000000)
 ParOldGen       total 263168K, used 234325K [0x0000000085200000, 0x0000000095300000, 0x00000000d7100000)
  object space 263168K, 89% used [0x0000000085200000,0x00000000936d55a8,0x0000000095300000)
 Metaspace       used 88325K, capacity 89784K, committed 89984K, reserved 1128448K
  class space    used 9653K, capacity 10068K, committed 10112K, reserved 1048576K
}
Event: 309,319 GC heap before
{Heap before GC invocations=22 (full 5):
 PSYoungGen      total 627712K, used 42979K [0x00000000d7100000, 0x0000000100000000, 0x0000000100000000)
  eden space 584704K, 0% used [0x00000000d7100000,0x00000000d7100000,0x00000000fac00000)
  from space 43008K, 99% used [0x00000000fac00000,0x00000000fd5f8d08,0x00000000fd600000)
  to   space 43008K, 0% used [0x00000000fd600000,0x00000000fd600000,0x0000000100000000)
 ParOldGen       total 263168K, used 234325K [0x0000000085200000, 0x0000000095300000, 0x00000000d7100000)
  object space 263168K, 89% used [0x0000000085200000,0x00000000936d55a8,0x0000000095300000)
 Metaspace       used 88325K, capacity 89784K, committed 89984K, reserved 1128448K
  class space    used 9653K, capacity 10068K, committed 10112K, reserved 1048576K

