# JRE version: OpenJDK Runtime Environment (8.0_242-b08) (build 1.8.0_242-8u242-b08-0ubuntu3~18.04-b08)
# Java VM: OpenJDK 64-Bit Server VM (25.242-b08 mixed mode linux-amd64 compressed oops)
Heap:
 PSYoungGen      total 823296K, used 19778K [0x0000000782100000, 0x00000007b7b00000, 0x00000007c0000000)
  eden space 768000K, 0% used [0x0000000782100000,0x0000000782100000,0x00000007b0f00000)
  from space 55296K, 35% used [0x00000007b0f00000,0x00000007b2250a58,0x00000007b4500000)
  to   space 36352K, 0% used [0x00000007b5780000,0x00000007b5780000,0x00000007b7b00000)
 ParOldGen       total 226304K, used 165040K [0x0000000706200000, 0x0000000713f00000, 0x0000000782100000)
  object space 226304K, 72% used [0x0000000706200000,0x000000071032c098,0x0000000713f00000)
 Metaspace       used 34486K, capacity 35220K, committed 35416K, reserved 1081344K
  class space    used 3789K, capacity 3948K, committed 3968K, reserved 1048576K
GC Heap History (10 events):
Event: 7,890 GC heap after
Heap after GC invocations=9 (full 0):
 PSYoungGen      total 406016K, used 48236K [0x0000000782100000, 0x00000007abe80000, 0x00000007c0000000)
  eden space 354816K, 0% used [0x0000000782100000,0x0000000782100000,0x0000000797b80000)
  from space 51200K, 94% used [0x0000000797b80000,0x000000079aa9b210,0x000000079ad80000)
  to   space 58880K, 0% used [0x00000007a8500000,0x00000007a8500000,0x00000007abe80000)
 ParOldGen       total 126976K, used 84250K [0x0000000706200000, 0x000000070de00000, 0x0000000782100000)
  object space 126976K, 66% used [0x0000000706200000,0x000000070b4469a0,0x000000070de00000)
 Metaspace       used 20429K, capacity 21018K, committed 21248K, reserved 1069056K
  class space    used 2283K, capacity 2437K, committed 2560K, reserved 1048576K
}
Event: 8,049 GC heap before
{Heap before GC invocations=10 (full 0):
 PSYoungGen      total 406016K, used 69618K [0x0000000782100000, 0x00000007abe80000, 0x00000007c0000000)
  eden space 354816K, 6% used [0x0000000782100000,0x00000007835e16f0,0x0000000797b80000)
  from space 51200K, 94% used [0x0000000797b80000,0x000000079aa9b210,0x000000079ad80000)
  to   space 58880K, 0% used [0x00000007a8500000,0x00000007a8500000,0x00000007abe80000)
 ParOldGen       total 126976K, used 84250K [0x0000000706200000, 0x000000070de00000, 0x0000000782100000)
  object space 126976K, 66% used [0x0000000706200000,0x000000070b4469a0,0x000000070de00000)
 Metaspace       used 20509K, capacity 21114K, committed 21248K, reserved 1069056K
  class space    used 2293K, capacity 2469K, committed 2560K, reserved 1048576K
Event: 8,125 GC heap after
Heap after GC invocations=10 (full 0):
 PSYoungGen      total 625664K, used 34865K [0x0000000782100000, 0x00000007ac080000, 0x00000007c0000000)
  eden space 566784K, 0% used [0x0000000782100000,0x0000000782100000,0x00000007a4a80000)
  from space 58880K, 59% used [0x00000007a8500000,0x00000007aa70c4f0,0x00000007abe80000)
  to   space 59904K, 0% used [0x00000007a4a80000,0x00000007a4a80000,0x00000007a8500000)
 ParOldGen       total 126976K, used 103233K [0x0000000706200000, 0x000000070de00000, 0x0000000782100000)
  object space 126976K, 81% used [0x0000000706200000,0x000000070c6d04e0,0x000000070de00000)
 Metaspace       used 20509K, capacity 21114K, committed 21248K, reserved 1069056K
  class space    used 2293K, capacity 2469K, committed 2560K, reserved 1048576K
}
Event: 8,125 GC heap before
{Heap before GC invocations=11 (full 1):
 PSYoungGen      total 625664K, used 34865K [0x0000000782100000, 0x00000007ac080000, 0x00000007c0000000)
  eden space 566784K, 0% used [0x0000000782100000,0x0000000782100000,0x00000007a4a80000)
  from space 58880K, 59% used [0x00000007a8500000,0x00000007aa70c4f0,0x00000007abe80000)
  to   space 59904K, 0% used [0x00000007a4a80000,0x00000007a4a80000,0x00000007a8500000)
 ParOldGen       total 126976K, used 103233K [0x0000000706200000, 0x000000070de00000, 0x0000000782100000)
  object space 126976K, 81% used [0x0000000706200000,0x000000070c6d04e0,0x000000070de00000)
 Metaspace       used 20509K, capacity 21114K, committed 21248K, reserved 1069056K
  class space    used 2293K, capacity 2469K, committed 2560K, reserved 1048576K
Event: 8,620 GC heap after
Heap after GC invocations=11 (full 1):
 PSYoungGen      total 625664K, used 5606K [0x0000000782100000, 0x00000007ac080000, 0x00000007c0000000)
  eden space 566784K, 0% used [0x0000000782100000,0x0000000782100000,0x00000007a4a80000)
  from space 58880K, 9% used [0x00000007a8500000,0x00000007a8a798b8,0x00000007abe80000)
  to   space 59904K, 0% used [0x00000007a4a80000,0x00000007a4a80000,0x00000007a8500000)
 ParOldGen       total 226304K, used 126493K [0x0000000706200000, 0x0000000713f00000, 0x0000000782100000)
  object space 226304K, 55% used [0x0000000706200000,0x000000070dd87480,0x0000000713f00000)
 Metaspace       used 20509K, capacity 21114K, committed 21248K, reserved 1069056K
  class space    used 2293K, capacity 2469K, committed 2560K, reserved 1048576K
}
Event: 18,052 GC heap before
{Heap before GC invocations=12 (full 1):
 PSYoungGen      total 625664K, used 572390K [0x0000000782100000, 0x00000007ac080000, 0x00000007c0000000)
  eden space 566784K, 100% used [0x0000000782100000,0x00000007a4a80000,0x00000007a4a80000)
  from space 58880K, 9% used [0x00000007a8500000,0x00000007a8a798b8,0x00000007abe80000)
  to   space 59904K, 0% used [0x00000007a4a80000,0x00000007a4a80000,0x00000007a8500000)
 ParOldGen       total 226304K, used 126493K [0x0000000706200000, 0x0000000713f00000, 0x0000000782100000)
  object space 226304K, 55% used [0x0000000706200000,0x000000070dd87480,0x0000000713f00000)
 Metaspace       used 23257K, capacity 23866K, committed 24192K, reserved 1071104K
  class space    used 2455K, capacity 2597K, committed 2688K, reserved 1048576K
Event: 18,727 GC heap after
Heap after GC invocations=12 (full 1):
 PSYoungGen      total 626688K, used 20981K [0x0000000782100000, 0x00000007b8f00000, 0x00000007c0000000)
  eden space 566784K, 0% used [0x0000000782100000,0x0000000782100000,0x00000007a4a80000)
  from space 59904K, 35% used [0x00000007a4a80000,0x00000007a5efd590,0x00000007a8500000)
  to   space 56832K, 0% used [0x00000007b5780000,0x00000007b5780000,0x00000007b8f00000)
 ParOldGen       total 226304K, used 131973K [0x0000000706200000, 0x0000000713f00000, 0x0000000782100000)
  object space 226304K, 58% used [0x0000000706200000,0x000000070e2e14a0,0x0000000713f00000)
 Metaspace       used 23257K, capacity 23866K, committed 24192K, reserved 1071104K
  class space    used 2455K, capacity 2597K, committed 2688K, reserved 1048576K
}
Event: 23,243 GC heap before
{Heap before GC invocations=13 (full 1):
 PSYoungGen      total 626688K, used 587765K [0x0000000782100000, 0x00000007b8f00000, 0x00000007c0000000)
  eden space 566784K, 100% used [0x0000000782100000,0x00000007a4a80000,0x00000007a4a80000)
  from space 59904K, 35% used [0x00000007a4a80000,0x00000007a5efd590,0x00000007a8500000)
  to   space 56832K, 0% used [0x00000007b5780000,0x00000007b5780000,0x00000007b8f00000)
 ParOldGen       total 226304K, used 131973K [0x0000000706200000, 0x0000000713f00000, 0x0000000782100000)
  object space 226304K, 58% used [0x0000000706200000,0x000000070e2e14a0,0x0000000713f00000)
 Metaspace       used 23358K, capacity 23930K, committed 24192K, reserved 1071104K
  class space    used 2455K, capacity 2597K, committed 2688K, reserved 1048576K
Event: 23,350 GC heap after
Heap after GC invocations=13 (full 1):
 PSYoungGen      total 804352K, used 13080K [0x0000000782100000, 0x00000007b7b00000, 0x00000007c0000000)
  eden space 768000K, 0% used [0x0000000782100000,0x0000000782100000,0x00000007b0f00000)
  from space 36352K, 35% used [0x00000007b5780000,0x00000007b6446260,0x00000007b7b00000)
  to   space 55296K, 0% used [0x00000007b0f00000,0x00000007b0f00000,0x00000007b4500000)
 ParOldGen       total 226304K, used 152195K [0x0000000706200000, 0x0000000713f00000, 0x0000000782100000)
  object space 226304K, 67% used [0x0000000706200000,0x000000070f6a0e60,0x0000000713f00000)
 Metaspace       used 23358K, capacity 23930K, committed 24192K, reserved 1071104K
  class space    used 2455K, capacity 2597K, committed 2688K, reserved 1048576K
}
Event: 36,630 GC heap before
{Heap before GC invocations=14 (full 1):
 PSYoungGen      total 804352K, used 304160K [0x0000000782100000, 0x00000007b7b00000, 0x00000007c0000000)
  eden space 768000K, 37% used [0x0000000782100000,0x0000000793d42050,0x00000007b0f00000)
  from space 36352K, 35% used [0x00000007b5780000,0x00000007b6446260,0x00000007b7b00000)
  to   space 55296K, 0% used [0x00000007b0f00000,0x00000007b0f00000,0x00000007b4500000)
 ParOldGen       total 226304K, used 152195K [0x0000000706200000, 0x0000000713f00000, 0x0000000782100000)
  object space 226304K, 67% used [0x0000000706200000,0x000000070f6a0e60,0x0000000713f00000)
 Metaspace       used 34486K, capacity 35220K, committed 35416K, reserved 1081344K
  class space    used 3789K, capacity 3948K, committed 3968K, reserved 1048576K

