# JRE version: OpenJDK Runtime Environment (8.0_191-b12) (build 1.8.0_191-8u191-b12-2ubuntu0.18.04.1-b12)
# Java VM: OpenJDK 64-Bit Server VM (25.191-b12 mixed mode linux-amd64 compressed oops)
Heap:
 PSYoungGen      total 103936K, used 7680K [0x0000000782100000, 0x0000000788e00000, 0x00000007c0000000)
  eden space 96256K, 0% used [0x0000000782100000,0x0000000782100000,0x0000000787f00000)
  from space 7680K, 100% used [0x0000000787f00000,0x0000000788680000,0x0000000788680000)
  to   space 7680K, 0% used [0x0000000788680000,0x0000000788680000,0x0000000788e00000)
 ParOldGen       total 126976K, used 5360K [0x0000000706200000, 0x000000070de00000, 0x0000000782100000)
  object space 126976K, 4% used [0x0000000706200000,0x000000070673c318,0x000000070de00000)
 Metaspace       used 14737K, capacity 15098K, committed 15360K, reserved 1062912K
  class space    used 1689K, capacity 1779K, committed 1792K, reserved 1048576K
GC Heap History (9 events):
Event: 1,420 GC heap before
{Heap before GC invocations=1 (full 0):
 PSYoungGen      total 55808K, used 48128K [0x0000000782100000, 0x0000000785f00000, 0x00000007c0000000)
  eden space 48128K, 100% used [0x0000000782100000,0x0000000785000000,0x0000000785000000)
  from space 7680K, 0% used [0x0000000785780000,0x0000000785780000,0x0000000785f00000)
  to   space 7680K, 0% used [0x0000000785000000,0x0000000785000000,0x0000000785780000)
 ParOldGen       total 126976K, used 0K [0x0000000706200000, 0x000000070de00000, 0x0000000782100000)
  object space 126976K, 0% used [0x0000000706200000,0x0000000706200000,0x000000070de00000)
 Metaspace       used 9049K, capacity 9256K, committed 9472K, reserved 1056768K
  class space    used 1129K, capacity 1185K, committed 1280K, reserved 1048576K
Event: 1,426 GC heap after
Heap after GC invocations=1 (full 0):
 PSYoungGen      total 55808K, used 6225K [0x0000000782100000, 0x0000000785f00000, 0x00000007c0000000)
  eden space 48128K, 0% used [0x0000000782100000,0x0000000782100000,0x0000000785000000)
  from space 7680K, 81% used [0x0000000785000000,0x0000000785614618,0x0000000785780000)
  to   space 7680K, 0% used [0x0000000785780000,0x0000000785780000,0x0000000785f00000)
 ParOldGen       total 126976K, used 16K [0x0000000706200000, 0x000000070de00000, 0x0000000782100000)
  object space 126976K, 0% used [0x0000000706200000,0x0000000706204000,0x000000070de00000)
 Metaspace       used 9049K, capacity 9256K, committed 9472K, reserved 1056768K
  class space    used 1129K, capacity 1185K, committed 1280K, reserved 1048576K
}
Event: 2,111 GC heap before
{Heap before GC invocations=2 (full 0):
 PSYoungGen      total 55808K, used 54353K [0x0000000782100000, 0x0000000785f00000, 0x00000007c0000000)
  eden space 48128K, 100% used [0x0000000782100000,0x0000000785000000,0x0000000785000000)
  from space 7680K, 81% used [0x0000000785000000,0x0000000785614618,0x0000000785780000)
  to   space 7680K, 0% used [0x0000000785780000,0x0000000785780000,0x0000000785f00000)
 ParOldGen       total 126976K, used 16K [0x0000000706200000, 0x000000070de00000, 0x0000000782100000)
  object space 126976K, 0% used [0x0000000706200000,0x0000000706204000,0x000000070de00000)
 Metaspace       used 13266K, capacity 13644K, committed 13824K, reserved 1060864K
  class space    used 1571K, capacity 1666K, committed 1792K, reserved 1048576K
Event: 2,127 GC heap after
Heap after GC invocations=2 (full 0):
 PSYoungGen      total 55808K, used 7672K [0x0000000782100000, 0x0000000788e00000, 0x00000007c0000000)
  eden space 48128K, 0% used [0x0000000782100000,0x0000000782100000,0x0000000785000000)
  from space 7680K, 99% used [0x0000000785780000,0x0000000785efe140,0x0000000785f00000)
  to   space 7680K, 0% used [0x0000000785000000,0x0000000785000000,0x0000000785780000)
 ParOldGen       total 126976K, used 79K [0x0000000706200000, 0x000000070de00000, 0x0000000782100000)
  object space 126976K, 0% used [0x0000000706200000,0x0000000706213c78,0x000000070de00000)
 Metaspace       used 13266K, capacity 13644K, committed 13824K, reserved 1060864K
  class space    used 1571K, capacity 1666K, committed 1792K, reserved 1048576K
}
Event: 2,626 GC heap before
{Heap before GC invocations=3 (full 0):
 PSYoungGen      total 55808K, used 55800K [0x0000000782100000, 0x0000000788e00000, 0x00000007c0000000)
  eden space 48128K, 100% used [0x0000000782100000,0x0000000785000000,0x0000000785000000)
  from space 7680K, 99% used [0x0000000785780000,0x0000000785efe140,0x0000000785f00000)
  to   space 7680K, 0% used [0x0000000785000000,0x0000000785000000,0x0000000785780000)
 ParOldGen       total 126976K, used 79K [0x0000000706200000, 0x000000070de00000, 0x0000000782100000)
  object space 126976K, 0% used [0x0000000706200000,0x0000000706213c78,0x000000070de00000)
 Metaspace       used 13529K, capacity 13874K, committed 14080K, reserved 1060864K
  class space    used 1590K, capacity 1699K, committed 1792K, reserved 1048576K
Event: 2,637 GC heap after
Heap after GC invocations=3 (full 0):
 PSYoungGen      total 55808K, used 7648K [0x0000000782100000, 0x0000000788e00000, 0x00000007c0000000)
  eden space 48128K, 0% used [0x0000000782100000,0x0000000782100000,0x0000000785000000)
  from space 7680K, 99% used [0x0000000785000000,0x0000000785778020,0x0000000785780000)
  to   space 7680K, 0% used [0x0000000788680000,0x0000000788680000,0x0000000788e00000)
 ParOldGen       total 126976K, used 373K [0x0000000706200000, 0x000000070de00000, 0x0000000782100000)
  object space 126976K, 0% used [0x0000000706200000,0x000000070625d568,0x000000070de00000)
 Metaspace       used 13529K, capacity 13874K, committed 14080K, reserved 1060864K
  class space    used 1590K, capacity 1699K, committed 1792K, reserved 1048576K
}
Event: 4,160 GC heap before
{Heap before GC invocations=4 (full 0):
 PSYoungGen      total 55808K, used 55776K [0x0000000782100000, 0x0000000788e00000, 0x00000007c0000000)
  eden space 48128K, 100% used [0x0000000782100000,0x0000000785000000,0x0000000785000000)
  from space 7680K, 99% used [0x0000000785000000,0x0000000785778020,0x0000000785780000)
  to   space 7680K, 0% used [0x0000000788680000,0x0000000788680000,0x0000000788e00000)
 ParOldGen       total 126976K, used 373K [0x0000000706200000, 0x000000070de00000, 0x0000000782100000)
  object space 126976K, 0% used [0x0000000706200000,0x000000070625d568,0x000000070de00000)
 Metaspace       used 13775K, capacity 14160K, committed 14336K, reserved 1062912K
  class space    used 1594K, capacity 1704K, committed 1792K, reserved 1048576K
Event: 4,210 GC heap after
Heap after GC invocations=4 (full 0):
 PSYoungGen      total 103936K, used 7664K [0x0000000782100000, 0x0000000788e00000, 0x00000007c0000000)
  eden space 96256K, 0% used [0x0000000782100000,0x0000000782100000,0x0000000787f00000)
  from space 7680K, 99% used [0x0000000788680000,0x0000000788dfc030,0x0000000788e00000)
  to   space 7680K, 0% used [0x0000000787f00000,0x0000000787f00000,0x0000000788680000)
 ParOldGen       total 126976K, used 2565K [0x0000000706200000, 0x000000070de00000, 0x0000000782100000)
  object space 126976K, 2% used [0x0000000706200000,0x0000000706481568,0x000000070de00000)
 Metaspace       used 13775K, capacity 14160K, committed 14336K, reserved 1062912K
  class space    used 1594K, capacity 1704K, committed 1792K, reserved 1048576K
}
Event: 27,826 GC heap before
{Heap before GC invocations=5 (full 0):
 PSYoungGen      total 103936K, used 103920K [0x0000000782100000, 0x0000000788e00000, 0x00000007c0000000)
  eden space 96256K, 100% used [0x0000000782100000,0x0000000787f00000,0x0000000787f00000)
  from space 7680K, 99% used [0x0000000788680000,0x0000000788dfc030,0x0000000788e00000)
  to   space 7680K, 0% used [0x0000000787f00000,0x0000000787f00000,0x0000000788680000)
 ParOldGen       total 126976K, used 2565K [0x0000000706200000, 0x000000070de00000, 0x0000000782100000)
  object space 126976K, 2% used [0x0000000706200000,0x0000000706481568,0x000000070de00000)
 Metaspace       used 14737K, capacity 15098K, committed 15360K, reserved 1062912K
  class space    used 1689K, capacity 1779K, committed 1792K, reserved 1048576K

