# JRE version: Java(TM) SE Runtime Environment (8.0_66-b17) (build 1.8.0_66-b17)
# Java VM: Java HotSpot(TM) 64-Bit Server VM (25.66-b17 mixed mode windows-amd64 compressed oops)
Heap:
 PSYoungGen      total 434688K, used 43861K [0x00000000d5f00000, 0x00000000fad00000, 0x0000000100000000)
  eden space 395776K, 4% used [0x00000000d5f00000,0x00000000d71ca900,0x00000000ee180000)
  from space 38912K, 63% used [0x00000000ee180000,0x00000000ef98ad90,0x00000000f0780000)
  to   space 39424K, 0% used [0x00000000f8680000,0x00000000f8680000,0x00000000fad00000)
 ParOldGen       total 194048K, used 82807K [0x0000000081c00000, 0x000000008d980000, 0x00000000d5f00000)
  object space 194048K, 42% used [0x0000000081c00000,0x0000000086cddc68,0x000000008d980000)
 Metaspace       used 68836K, capacity 69741K, committed 69976K, reserved 1112064K
  class space    used 7807K, capacity 8010K, committed 8024K, reserved 1048576K
GC Heap History (10 events):
Event: 12.347 GC heap before
{Heap before GC invocations=12 (full 2):
 PSYoungGen      total 259072K, used 259048K [0x00000000d5f00000, 0x00000000ebc80000, 0x0000000100000000)
  eden space 243712K, 100% used [0x00000000d5f00000,0x00000000e4d00000,0x00000000e4d00000)
  from space 15360K, 99% used [0x00000000e4d00000,0x00000000e5bfa130,0x00000000e5c00000)
  to   space 20992K, 0% used [0x00000000ea800000,0x00000000ea800000,0x00000000ebc80000)
 ParOldGen       total 108544K, used 33372K [0x0000000081c00000, 0x0000000088600000, 0x00000000d5f00000)
  object space 108544K, 30% used [0x0000000081c00000,0x0000000083c970e8,0x0000000088600000)
 Metaspace       used 52873K, capacity 53258K, committed 53888K, reserved 1097728K
  class space    used 6353K, capacity 6454K, committed 6528K, reserved 1048576K
Event: 12.396 GC heap after
Heap after GC invocations=12 (full 2):
 PSYoungGen      total 328704K, used 20984K [0x00000000d5f00000, 0x00000000ecb00000, 0x0000000100000000)
  eden space 307712K, 0% used [0x00000000d5f00000,0x00000000d5f00000,0x00000000e8b80000)
  from space 20992K, 99% used [0x00000000ea800000,0x00000000ebc7e120,0x00000000ebc80000)
  to   space 29184K, 0% used [0x00000000e8b80000,0x00000000e8b80000,0x00000000ea800000)
 ParOldGen       total 108544K, used 49282K [0x0000000081c00000, 0x0000000088600000, 0x00000000d5f00000)
  object space 108544K, 45% used [0x0000000081c00000,0x0000000084c20a68,0x0000000088600000)
 Metaspace       used 52873K, capacity 53258K, committed 53888K, reserved 1097728K
  class space    used 6353K, capacity 6454K, committed 6528K, reserved 1048576K
}
Event: 14.631 GC heap before
{Heap before GC invocations=13 (full 2):
 PSYoungGen      total 328704K, used 328696K [0x00000000d5f00000, 0x00000000ecb00000, 0x0000000100000000)
  eden space 307712K, 100% used [0x00000000d5f00000,0x00000000e8b80000,0x00000000e8b80000)
  from space 20992K, 99% used [0x00000000ea800000,0x00000000ebc7e120,0x00000000ebc80000)
  to   space 29184K, 0% used [0x00000000e8b80000,0x00000000e8b80000,0x00000000ea800000)
 ParOldGen       total 108544K, used 49282K [0x0000000081c00000, 0x0000000088600000, 0x00000000d5f00000)
  object space 108544K, 45% used [0x0000000081c00000,0x0000000084c20a68,0x0000000088600000)
 Metaspace       used 57103K, capacity 57778K, committed 57984K, reserved 1099776K
  class space    used 6574K, capacity 6738K, committed 6784K, reserved 1048576K
Event: 14.680 GC heap after
Heap after GC invocations=13 (full 2):
 PSYoungGen      total 336896K, used 29168K [0x00000000d5f00000, 0x00000000f2d00000, 0x0000000100000000)
  eden space 307712K, 0% used [0x00000000d5f00000,0x00000000d5f00000,0x00000000e8b80000)
  from space 29184K, 99% used [0x00000000e8b80000,0x00000000ea7fc0f0,0x00000000ea800000)
  to   space 38400K, 0% used [0x00000000f0780000,0x00000000f0780000,0x00000000f2d00000)
 ParOldGen       total 108544K, used 63442K [0x0000000081c00000, 0x0000000088600000, 0x00000000d5f00000)
  object space 108544K, 58% used [0x0000000081c00000,0x00000000859f4818,0x0000000088600000)
 Metaspace       used 57103K, capacity 57778K, committed 57984K, reserved 1099776K
  class space    used 6574K, capacity 6738K, committed 6784K, reserved 1048576K
}
Event: 15.045 GC heap before
{Heap before GC invocations=14 (full 2):
 PSYoungGen      total 336896K, used 95449K [0x00000000d5f00000, 0x00000000f2d00000, 0x0000000100000000)
  eden space 307712K, 21% used [0x00000000d5f00000,0x00000000d9fba4b0,0x00000000e8b80000)
  from space 29184K, 99% used [0x00000000e8b80000,0x00000000ea7fc0f0,0x00000000ea800000)
  to   space 38400K, 0% used [0x00000000f0780000,0x00000000f0780000,0x00000000f2d00000)
 ParOldGen       total 108544K, used 63442K [0x0000000081c00000, 0x0000000088600000, 0x00000000d5f00000)
  object space 108544K, 58% used [0x0000000081c00000,0x00000000859f4818,0x0000000088600000)
 Metaspace       used 58297K, capacity 59027K, committed 59096K, reserved 1101824K
  class space    used 6630K, capacity 6803K, committed 6872K, reserved 1048576K
Event: 15.105 GC heap after
Heap after GC invocations=14 (full 2):
 PSYoungGen      total 434176K, used 25312K [0x00000000d5f00000, 0x00000000f5280000, 0x0000000100000000)
  eden space 395776K, 0% used [0x00000000d5f00000,0x00000000d5f00000,0x00000000ee180000)
  from space 38400K, 65% used [0x00000000f0780000,0x00000000f2038020,0x00000000f2d00000)
  to   space 38912K, 0% used [0x00000000ee180000,0x00000000ee180000,0x00000000f0780000)
 ParOldGen       total 108544K, used 68827K [0x0000000081c00000, 0x0000000088600000, 0x00000000d5f00000)
  object space 108544K, 63% used [0x0000000081c00000,0x0000000085f36c78,0x0000000088600000)
 Metaspace       used 58297K, capacity 59027K, committed 59096K, reserved 1101824K
  class space    used 6630K, capacity 6803K, committed 6872K, reserved 1048576K
}
Event: 15.105 GC heap before
{Heap before GC invocations=15 (full 3):
 PSYoungGen      total 434176K, used 25312K [0x00000000d5f00000, 0x00000000f5280000, 0x0000000100000000)
  eden space 395776K, 0% used [0x00000000d5f00000,0x00000000d5f00000,0x00000000ee180000)
  from space 38400K, 65% used [0x00000000f0780000,0x00000000f2038020,0x00000000f2d00000)
  to   space 38912K, 0% used [0x00000000ee180000,0x00000000ee180000,0x00000000f0780000)
 ParOldGen       total 108544K, used 68827K [0x0000000081c00000, 0x0000000088600000, 0x00000000d5f00000)
  object space 108544K, 63% used [0x0000000081c00000,0x0000000085f36c78,0x0000000088600000)
 Metaspace       used 58297K, capacity 59027K, committed 59096K, reserved 1101824K
  class space    used 6630K, capacity 6803K, committed 6872K, reserved 1048576K
Event: 15.505 GC heap after
Heap after GC invocations=15 (full 3):
 PSYoungGen      total 434176K, used 0K [0x00000000d5f00000, 0x00000000f5280000, 0x0000000100000000)
  eden space 395776K, 0% used [0x00000000d5f00000,0x00000000d5f00000,0x00000000ee180000)
  from space 38400K, 0% used [0x00000000f0780000,0x00000000f0780000,0x00000000f2d00000)
  to   space 38912K, 0% used [0x00000000ee180000,0x00000000ee180000,0x00000000f0780000)
 ParOldGen       total 194048K, used 82799K [0x0000000081c00000, 0x000000008d980000, 0x00000000d5f00000)
  object space 194048K, 42% used [0x0000000081c00000,0x0000000086cdbc68,0x000000008d980000)
 Metaspace       used 58297K, capacity 59027K, committed 59096K, reserved 1101824K
  class space    used 6630K, capacity 6803K, committed 6872K, reserved 1048576K
}
Event: 386.541 GC heap before
{Heap before GC invocations=16 (full 3):
 PSYoungGen      total 434176K, used 395776K [0x00000000d5f00000, 0x00000000f5280000, 0x0000000100000000)
  eden space 395776K, 100% used [0x00000000d5f00000,0x00000000ee180000,0x00000000ee180000)
  from space 38400K, 0% used [0x00000000f0780000,0x00000000f0780000,0x00000000f2d00000)
  to   space 38912K, 0% used [0x00000000ee180000,0x00000000ee180000,0x00000000f0780000)
 ParOldGen       total 194048K, used 82799K [0x0000000081c00000, 0x000000008d980000, 0x00000000d5f00000)
  object space 194048K, 42% used [0x0000000081c00000,0x0000000086cdbc68,0x000000008d980000)
 Metaspace       used 68464K, capacity 69385K, committed 69720K, reserved 1112064K
  class space    used 7792K, capacity 8004K, committed 8024K, reserved 1048576K
Event: 386.675 GC heap after
Heap after GC invocations=16 (full 3):
 PSYoungGen      total 434688K, used 24619K [0x00000000d5f00000, 0x00000000fad00000, 0x0000000100000000)
  eden space 395776K, 0% used [0x00000000d5f00000,0x00000000d5f00000,0x00000000ee180000)
  from space 38912K, 63% used [0x00000000ee180000,0x00000000ef98ad90,0x00000000f0780000)
  to   space 39424K, 0% used [0x00000000f8680000,0x00000000f8680000,0x00000000fad00000)
 ParOldGen       total 194048K, used 82807K [0x0000000081c00000, 0x000000008d980000, 0x00000000d5f00000)
  object space 194048K, 42% used [0x0000000081c00000,0x0000000086cddc68,0x000000008d980000)
 Metaspace       used 68464K, capacity 69385K, committed 69720K, reserved 1112064K
  class space    used 7792K, capacity 8004K, committed 8024K, reserved 1048576K
}

