# JRE version: OpenJDK Runtime Environment (8.0_191-b12) (build 1.8.0_191-8u191-b12-2ubuntu0.18.04.1-b12)
# Java VM: OpenJDK 64-Bit Server VM (25.191-b12 mixed mode linux-amd64 compressed oops)
Heap:
 PSYoungGen      total 413184K, used 31985K [0x0000000782100000, 0x00000007a0300000, 0x00000007c0000000)
  eden space 358400K, 0% used [0x0000000782100000,0x0000000782100000,0x0000000797f00000)
  from space 54784K, 58% used [0x0000000797f00000,0x0000000799e3c5d0,0x000000079b480000)
  to   space 29184K, 0% used [0x000000079b480000,0x000000079b480000,0x000000079d100000)
 ParOldGen       total 126976K, used 85481K [0x0000000706200000, 0x000000070de00000, 0x0000000782100000)
  object space 126976K, 67% used [0x0000000706200000,0x000000070b57a6f8,0x000000070de00000)
 Metaspace       used 20584K, capacity 21110K, committed 21248K, reserved 1069056K
  class space    used 2289K, capacity 2443K, committed 2560K, reserved 1048576K
GC Heap History (10 events):
Event: 2,872 GC heap after
Heap after GC invocations=4 (full 0):
 PSYoungGen      total 103936K, used 7664K [0x0000000782100000, 0x0000000788e00000, 0x00000007c0000000)
  eden space 96256K, 0% used [0x0000000782100000,0x0000000782100000,0x0000000787f00000)
  from space 7680K, 99% used [0x0000000788680000,0x0000000788dfc030,0x0000000788e00000)
  to   space 7680K, 0% used [0x0000000787f00000,0x0000000787f00000,0x0000000788680000)
 ParOldGen       total 126976K, used 2542K [0x0000000706200000, 0x000000070de00000, 0x0000000782100000)
  object space 126976K, 2% used [0x0000000706200000,0x000000070647b8f0,0x000000070de00000)
 Metaspace       used 13814K, capacity 14160K, committed 14336K, reserved 1062912K
  class space    used 1592K, capacity 1704K, committed 1792K, reserved 1048576K
}
Event: 4,186 GC heap before
{Heap before GC invocations=5 (full 0):
 PSYoungGen      total 103936K, used 103920K [0x0000000782100000, 0x0000000788e00000, 0x00000007c0000000)
  eden space 96256K, 100% used [0x0000000782100000,0x0000000787f00000,0x0000000787f00000)
  from space 7680K, 99% used [0x0000000788680000,0x0000000788dfc030,0x0000000788e00000)
  to   space 7680K, 0% used [0x0000000787f00000,0x0000000787f00000,0x0000000788680000)
 ParOldGen       total 126976K, used 2542K [0x0000000706200000, 0x000000070de00000, 0x0000000782100000)
  object space 126976K, 2% used [0x0000000706200000,0x000000070647b8f0,0x000000070de00000)
 Metaspace       used 14807K, capacity 15250K, committed 15360K, reserved 1062912K
  class space    used 1693K, capacity 1787K, committed 1792K, reserved 1048576K
Event: 4,197 GC heap after
Heap after GC invocations=5 (full 0):
 PSYoungGen      total 103936K, used 7664K [0x0000000782100000, 0x000000078f400000, 0x00000007c0000000)
  eden space 96256K, 0% used [0x0000000782100000,0x0000000782100000,0x0000000787f00000)
  from space 7680K, 99% used [0x0000000787f00000,0x000000078867c010,0x0000000788680000)
  to   space 11776K, 0% used [0x000000078e880000,0x000000078e880000,0x000000078f400000)
 ParOldGen       total 126976K, used 5328K [0x0000000706200000, 0x000000070de00000, 0x0000000782100000)
  object space 126976K, 4% used [0x0000000706200000,0x00000007067343a8,0x000000070de00000)
 Metaspace       used 14807K, capacity 15250K, committed 15360K, reserved 1062912K
  class space    used 1693K, capacity 1787K, committed 1792K, reserved 1048576K
}
Event: 7,842 GC heap before
{Heap before GC invocations=6 (full 0):
 PSYoungGen      total 103936K, used 103920K [0x0000000782100000, 0x000000078f400000, 0x00000007c0000000)
  eden space 96256K, 100% used [0x0000000782100000,0x0000000787f00000,0x0000000787f00000)
  from space 7680K, 99% used [0x0000000787f00000,0x000000078867c010,0x0000000788680000)
  to   space 11776K, 0% used [0x000000078e880000,0x000000078e880000,0x000000078f400000)
 ParOldGen       total 126976K, used 5328K [0x0000000706200000, 0x000000070de00000, 0x0000000782100000)
  object space 126976K, 4% used [0x0000000706200000,0x00000007067343a8,0x000000070de00000)
 Metaspace       used 14938K, capacity 15378K, committed 15616K, reserved 1062912K
  class space    used 1695K, capacity 1787K, committed 1792K, reserved 1048576K
Event: 7,858 GC heap after
Heap after GC invocations=6 (full 0):
 PSYoungGen      total 203776K, used 9872K [0x0000000782100000, 0x000000078f500000, 0x00000007c0000000)
  eden space 192000K, 0% used [0x0000000782100000,0x0000000782100000,0x000000078dc80000)
  from space 11776K, 83% used [0x000000078e880000,0x000000078f224010,0x000000078f400000)
  to   space 12288K, 0% used [0x000000078dc80000,0x000000078dc80000,0x000000078e880000)
 ParOldGen       total 126976K, used 5336K [0x0000000706200000, 0x000000070de00000, 0x0000000782100000)
  object space 126976K, 4% used [0x0000000706200000,0x00000007067363a8,0x000000070de00000)
 Metaspace       used 14938K, capacity 15378K, committed 15616K, reserved 1062912K
  class space    used 1695K, capacity 1787K, committed 1792K, reserved 1048576K
}
Event: 12,009 GC heap before
{Heap before GC invocations=7 (full 0):
 PSYoungGen      total 203776K, used 201872K [0x0000000782100000, 0x000000078f500000, 0x00000007c0000000)
  eden space 192000K, 100% used [0x0000000782100000,0x000000078dc80000,0x000000078dc80000)
  from space 11776K, 83% used [0x000000078e880000,0x000000078f224010,0x000000078f400000)
  to   space 12288K, 0% used [0x000000078dc80000,0x000000078dc80000,0x000000078e880000)
 ParOldGen       total 126976K, used 5336K [0x0000000706200000, 0x000000070de00000, 0x0000000782100000)
  object space 126976K, 4% used [0x0000000706200000,0x00000007067363a8,0x000000070de00000)
 Metaspace       used 19518K, capacity 20118K, committed 20352K, reserved 1067008K
  class space    used 2244K, capacity 2411K, committed 2432K, reserved 1048576K
Event: 12,071 GC heap after
Heap after GC invocations=7 (full 0):
 PSYoungGen      total 204288K, used 12287K [0x0000000782100000, 0x000000079d100000, 0x00000007c0000000)
  eden space 192000K, 0% used [0x0000000782100000,0x0000000782100000,0x000000078dc80000)
  from space 12288K, 99% used [0x000000078dc80000,0x000000078e87fe78,0x000000078e880000)
  to   space 29184K, 0% used [0x000000079b480000,0x000000079b480000,0x000000079d100000)
 ParOldGen       total 126976K, used 35995K [0x0000000706200000, 0x000000070de00000, 0x0000000782100000)
  object space 126976K, 28% used [0x0000000706200000,0x0000000708526e10,0x000000070de00000)
 Metaspace       used 19518K, capacity 20118K, committed 20352K, reserved 1067008K
  class space    used 2244K, capacity 2411K, committed 2432K, reserved 1048576K
}
Event: 14,340 GC heap before
{Heap before GC invocations=8 (full 0):
 PSYoungGen      total 204288K, used 204287K [0x0000000782100000, 0x000000079d100000, 0x00000007c0000000)
  eden space 192000K, 100% used [0x0000000782100000,0x000000078dc80000,0x000000078dc80000)
  from space 12288K, 99% used [0x000000078dc80000,0x000000078e87fe78,0x000000078e880000)
  to   space 29184K, 0% used [0x000000079b480000,0x000000079b480000,0x000000079d100000)
 ParOldGen       total 126976K, used 35995K [0x0000000706200000, 0x000000070de00000, 0x0000000782100000)
  object space 126976K, 28% used [0x0000000706200000,0x0000000708526e10,0x000000070de00000)
 Metaspace       used 20227K, capacity 20758K, committed 20864K, reserved 1067008K
  class space    used 2270K, capacity 2411K, committed 2432K, reserved 1048576K
Event: 14,430 GC heap after
Heap after GC invocations=8 (full 0):
 PSYoungGen      total 387584K, used 29173K [0x0000000782100000, 0x00000007a0300000, 0x00000007c0000000)
  eden space 358400K, 0% used [0x0000000782100000,0x0000000782100000,0x0000000797f00000)
  from space 29184K, 99% used [0x000000079b480000,0x000000079d0fd528,0x000000079d100000)
  to   space 54784K, 0% used [0x0000000797f00000,0x0000000797f00000,0x000000079b480000)
 ParOldGen       total 126976K, used 84033K [0x0000000706200000, 0x000000070de00000, 0x0000000782100000)
  object space 126976K, 66% used [0x0000000706200000,0x000000070b4106f8,0x000000070de00000)
 Metaspace       used 20227K, capacity 20758K, committed 20864K, reserved 1067008K
  class space    used 2270K, capacity 2411K, committed 2432K, reserved 1048576K
}
Event: 14,764 GC heap before
{Heap before GC invocations=9 (full 0):
 PSYoungGen      total 387584K, used 57725K [0x0000000782100000, 0x00000007a0300000, 0x00000007c0000000)
  eden space 358400K, 7% used [0x0000000782100000,0x0000000783ce1fb8,0x0000000797f00000)
  from space 29184K, 99% used [0x000000079b480000,0x000000079d0fd528,0x000000079d100000)
  to   space 54784K, 0% used [0x0000000797f00000,0x0000000797f00000,0x000000079b480000)
 ParOldGen       total 126976K, used 84033K [0x0000000706200000, 0x000000070de00000, 0x0000000782100000)
  object space 126976K, 66% used [0x0000000706200000,0x000000070b4106f8,0x000000070de00000)
 Metaspace       used 20584K, capacity 21110K, committed 21248K, reserved 1069056K
  class space    used 2289K, capacity 2443K, committed 2560K, reserved 1048576K

