# JRE version: OpenJDK Runtime Environment (8.0_222-b10) (build 1.8.0_222-8u222-b10-1ubuntu1~18.04.1-b10)
# Java VM: OpenJDK 64-Bit Server VM (25.222-b10 mixed mode linux-amd64 compressed oops)
Heap:
 PSYoungGen      total 437248K, used 16866K [0x0000000782100000, 0x000000079e200000, 0x00000007c0000000)
  eden space 420352K, 0% used [0x0000000782100000,0x0000000782100000,0x000000079bb80000)
  from space 16896K, 99% used [0x000000079c100000,0x000000079d178868,0x000000079d180000)
  to   space 14848K, 0% used [0x000000079d380000,0x000000079d380000,0x000000079e200000)
 ParOldGen       total 97792K, used 48970K [0x0000000706200000, 0x000000070c180000, 0x0000000782100000)
  object space 97792K, 50% used [0x0000000706200000,0x00000007091d2950,0x000000070c180000)
 Metaspace       used 58351K, capacity 58840K, committed 59096K, reserved 1101824K
  class space    used 6767K, capacity 6900K, committed 6912K, reserved 1048576K
GC Heap History (10 events):
Event: 22,126 GC heap after
Heap after GC invocations=10 (full 1):
 PSYoungGen      total 205824K, used 12588K [0x0000000782100000, 0x0000000795a00000, 0x00000007c0000000)
  eden space 192512K, 0% used [0x0000000782100000,0x0000000782100000,0x000000078dd00000)
  from space 13312K, 94% used [0x000000078dd00000,0x000000078e94b308,0x000000078ea00000)
  to   space 13824K, 0% used [0x0000000794c80000,0x0000000794c80000,0x0000000795a00000)
 ParOldGen       total 81920K, used 23347K [0x0000000706200000, 0x000000070b200000, 0x0000000782100000)
  object space 81920K, 28% used [0x0000000706200000,0x00000007078cced8,0x000000070b200000)
 Metaspace       used 29861K, capacity 30100K, committed 30336K, reserved 1077248K
  class space    used 3397K, capacity 3448K, committed 3456K, reserved 1048576K
}
Event: 26,169 GC heap before
{Heap before GC invocations=11 (full 1):
 PSYoungGen      total 205824K, used 205100K [0x0000000782100000, 0x0000000795a00000, 0x00000007c0000000)
  eden space 192512K, 100% used [0x0000000782100000,0x000000078dd00000,0x000000078dd00000)
  from space 13312K, 94% used [0x000000078dd00000,0x000000078e94b308,0x000000078ea00000)
  to   space 13824K, 0% used [0x0000000794c80000,0x0000000794c80000,0x0000000795a00000)
 ParOldGen       total 81920K, used 23347K [0x0000000706200000, 0x000000070b200000, 0x0000000782100000)
  object space 81920K, 28% used [0x0000000706200000,0x00000007078cced8,0x000000070b200000)
 Metaspace       used 29889K, capacity 30170K, committed 30336K, reserved 1077248K
  class space    used 3401K, capacity 3449K, committed 3456K, reserved 1048576K
Event: 26,194 GC heap after
Heap after GC invocations=11 (full 1):
 PSYoungGen      total 301568K, used 4989K [0x0000000782100000, 0x0000000795880000, 0x00000007c0000000)
  eden space 289280K, 0% used [0x0000000782100000,0x0000000782100000,0x0000000793b80000)
  from space 12288K, 40% used [0x0000000794c80000,0x000000079515f728,0x0000000795880000)
  to   space 14848K, 0% used [0x0000000793b80000,0x0000000793b80000,0x0000000794a00000)
 ParOldGen       total 81920K, used 23347K [0x0000000706200000, 0x000000070b200000, 0x0000000782100000)
  object space 81920K, 28% used [0x0000000706200000,0x00000007078cced8,0x000000070b200000)
 Metaspace       used 29889K, capacity 30170K, committed 30336K, reserved 1077248K
  class space    used 3401K, capacity 3449K, committed 3456K, reserved 1048576K
}
Event: 28,422 GC heap before
{Heap before GC invocations=12 (full 1):
 PSYoungGen      total 301568K, used 147514K [0x0000000782100000, 0x0000000795880000, 0x00000007c0000000)
  eden space 289280K, 49% used [0x0000000782100000,0x000000078ac2f348,0x0000000793b80000)
  from space 12288K, 40% used [0x0000000794c80000,0x000000079515f728,0x0000000795880000)
  to   space 14848K, 0% used [0x0000000793b80000,0x0000000793b80000,0x0000000794a00000)
 ParOldGen       total 81920K, used 23347K [0x0000000706200000, 0x000000070b200000, 0x0000000782100000)
  object space 81920K, 28% used [0x0000000706200000,0x00000007078cced8,0x000000070b200000)
 Metaspace       used 34932K, capacity 35206K, committed 35456K, reserved 1081344K
  class space    used 4026K, capacity 4107K, committed 4224K, reserved 1048576K
Event: 28,441 GC heap after
Heap after GC invocations=12 (full 1):
 PSYoungGen      total 304128K, used 8551K [0x0000000782100000, 0x000000079e200000, 0x00000007c0000000)
  eden space 289280K, 0% used [0x0000000782100000,0x0000000782100000,0x0000000793b80000)
  from space 14848K, 57% used [0x0000000793b80000,0x00000007943d9da8,0x0000000794a00000)
  to   space 14848K, 0% used [0x000000079d380000,0x000000079d380000,0x000000079e200000)
 ParOldGen       total 81920K, used 26026K [0x0000000706200000, 0x000000070b200000, 0x0000000782100000)
  object space 81920K, 31% used [0x0000000706200000,0x0000000707b6a8e8,0x000000070b200000)
 Metaspace       used 34932K, capacity 35206K, committed 35456K, reserved 1081344K
  class space    used 4026K, capacity 4107K, committed 4224K, reserved 1048576K
}
Event: 28,441 GC heap before
{Heap before GC invocations=13 (full 2):
 PSYoungGen      total 304128K, used 8551K [0x0000000782100000, 0x000000079e200000, 0x00000007c0000000)
  eden space 289280K, 0% used [0x0000000782100000,0x0000000782100000,0x0000000793b80000)
  from space 14848K, 57% used [0x0000000793b80000,0x00000007943d9da8,0x0000000794a00000)
  to   space 14848K, 0% used [0x000000079d380000,0x000000079d380000,0x000000079e200000)
 ParOldGen       total 81920K, used 26026K [0x0000000706200000, 0x000000070b200000, 0x0000000782100000)
  object space 81920K, 31% used [0x0000000706200000,0x0000000707b6a8e8,0x000000070b200000)
 Metaspace       used 34932K, capacity 35206K, committed 35456K, reserved 1081344K
  class space    used 4026K, capacity 4107K, committed 4224K, reserved 1048576K
Event: 28,509 GC heap after
Heap after GC invocations=13 (full 2):
 PSYoungGen      total 304128K, used 0K [0x0000000782100000, 0x000000079e200000, 0x00000007c0000000)
  eden space 289280K, 0% used [0x0000000782100000,0x0000000782100000,0x0000000793b80000)
  from space 14848K, 0% used [0x0000000793b80000,0x0000000793b80000,0x0000000794a00000)
  to   space 14848K, 0% used [0x000000079d380000,0x000000079d380000,0x000000079e200000)
 ParOldGen       total 97792K, used 26565K [0x0000000706200000, 0x000000070c180000, 0x0000000782100000)
  object space 97792K, 27% used [0x0000000706200000,0x0000000707bf1730,0x000000070c180000)
 Metaspace       used 34932K, capacity 35206K, committed 35456K, reserved 1081344K
  class space    used 4026K, capacity 4107K, committed 4224K, reserved 1048576K
}
Event: 33,091 GC heap before
{Heap before GC invocations=14 (full 2):
 PSYoungGen      total 304128K, used 289280K [0x0000000782100000, 0x000000079e200000, 0x00000007c0000000)
  eden space 289280K, 100% used [0x0000000782100000,0x0000000793b80000,0x0000000793b80000)
  from space 14848K, 0% used [0x0000000793b80000,0x0000000793b80000,0x0000000794a00000)
  to   space 14848K, 0% used [0x000000079d380000,0x000000079d380000,0x000000079e200000)
 ParOldGen       total 97792K, used 26565K [0x0000000706200000, 0x000000070c180000, 0x0000000782100000)
  object space 97792K, 27% used [0x0000000706200000,0x0000000707bf1730,0x000000070c180000)
 Metaspace       used 45278K, capacity 45740K, committed 46080K, reserved 1089536K
  class space    used 5242K, capacity 5346K, committed 5376K, reserved 1048576K
Event: 33,156 GC heap after
Heap after GC invocations=14 (full 2):
 PSYoungGen      total 435200K, used 14845K [0x0000000782100000, 0x000000079e200000, 0x00000007c0000000)
  eden space 420352K, 0% used [0x0000000782100000,0x0000000782100000,0x000000079bb80000)
  from space 14848K, 99% used [0x000000079d380000,0x000000079e1ff7a0,0x000000079e200000)
  to   space 16896K, 0% used [0x000000079c100000,0x000000079c100000,0x000000079d180000)
 ParOldGen       total 97792K, used 29664K [0x0000000706200000, 0x000000070c180000, 0x0000000782100000)
  object space 97792K, 30% used [0x0000000706200000,0x0000000707ef83a8,0x000000070c180000)
 Metaspace       used 45278K, capacity 45740K, committed 46080K, reserved 1089536K
  class space    used 5242K, capacity 5346K, committed 5376K, reserved 1048576K
}
Event: 48,772 GC heap before
{Heap before GC invocations=15 (full 2):
 PSYoungGen      total 435200K, used 409008K [0x0000000782100000, 0x000000079e200000, 0x00000007c0000000)
  eden space 420352K, 93% used [0x0000000782100000,0x000000079a1eca90,0x000000079bb80000)
  from space 14848K, 99% used [0x000000079d380000,0x000000079e1ff7a0,0x000000079e200000)
  to   space 16896K, 0% used [0x000000079c100000,0x000000079c100000,0x000000079d180000)
 ParOldGen       total 97792K, used 29664K [0x0000000706200000, 0x000000070c180000, 0x0000000782100000)
  object space 97792K, 30% used [0x0000000706200000,0x0000000707ef83a8,0x000000070c180000)
 Metaspace       used 58351K, capacity 58840K, committed 59096K, reserved 1101824K
  class space    used 6767K, capacity 6900K, committed 6912K, reserved 1048576K

