# JRE version: OpenJDK Runtime Environment (8.0_191-b12) (build 1.8.0_191-8u191-b12-2ubuntu0.18.04.1-b12)
# Java VM: OpenJDK 64-Bit Server VM (25.191-b12 mixed mode linux-amd64 compressed oops)
Heap:
 PSYoungGen      total 204288K, used 12259K [0x0000000782100000, 0x000000078f500000, 0x00000007c0000000)
  eden space 192000K, 0% used [0x0000000782100000,0x0000000782100000,0x000000078dc80000)
  from space 12288K, 99% used [0x000000078dc80000,0x000000078e878c80,0x000000078e880000)
  to   space 11776K, 0% used [0x000000078e880000,0x000000078e880000,0x000000078f400000)
 ParOldGen       total 126976K, used 36335K [0x0000000706200000, 0x000000070de00000, 0x0000000782100000)
  object space 126976K, 28% used [0x0000000706200000,0x000000070857bd20,0x000000070de00000)
 Metaspace       used 19550K, capacity 20246K, committed 20352K, reserved 1067008K
  class space    used 2243K, capacity 2411K, committed 2432K, reserved 1048576K
GC Heap History (10 events):
Event: 2,089 GC heap after
Heap after GC invocations=2 (full 0):
 PSYoungGen      total 55808K, used 7607K [0x0000000782100000, 0x0000000788e00000, 0x00000007c0000000)
  eden space 48128K, 0% used [0x0000000782100000,0x0000000782100000,0x0000000785000000)
  from space 7680K, 99% used [0x0000000785780000,0x0000000785eeddd8,0x0000000785f00000)
  to   space 7680K, 0% used [0x0000000785000000,0x0000000785000000,0x0000000785780000)
 ParOldGen       total 126976K, used 16K [0x0000000706200000, 0x000000070de00000, 0x0000000782100000)
  object space 126976K, 0% used [0x0000000706200000,0x0000000706204000,0x000000070de00000)
 Metaspace       used 13242K, capacity 13644K, committed 13824K, reserved 1060864K
  class space    used 1566K, capacity 1666K, committed 1792K, reserved 1048576K
}
Event: 2,583 GC heap before
{Heap before GC invocations=3 (full 0):
 PSYoungGen      total 55808K, used 55735K [0x0000000782100000, 0x0000000788e00000, 0x00000007c0000000)
  eden space 48128K, 100% used [0x0000000782100000,0x0000000785000000,0x0000000785000000)
  from space 7680K, 99% used [0x0000000785780000,0x0000000785eeddd8,0x0000000785f00000)
  to   space 7680K, 0% used [0x0000000785000000,0x0000000785000000,0x0000000785780000)
 ParOldGen       total 126976K, used 16K [0x0000000706200000, 0x000000070de00000, 0x0000000782100000)
  object space 126976K, 0% used [0x0000000706200000,0x0000000706204000,0x000000070de00000)
 Metaspace       used 13504K, capacity 13874K, committed 14080K, reserved 1060864K
  class space    used 1587K, capacity 1699K, committed 1792K, reserved 1048576K
Event: 2,596 GC heap after
Heap after GC invocations=3 (full 0):
 PSYoungGen      total 55808K, used 7680K [0x0000000782100000, 0x0000000788e00000, 0x00000007c0000000)
  eden space 48128K, 0% used [0x0000000782100000,0x0000000782100000,0x0000000785000000)
  from space 7680K, 100% used [0x0000000785000000,0x0000000785780000,0x0000000785780000)
  to   space 7680K, 0% used [0x0000000788680000,0x0000000788680000,0x0000000788e00000)
 ParOldGen       total 126976K, used 278K [0x0000000706200000, 0x000000070de00000, 0x0000000782100000)
  object space 126976K, 0% used [0x0000000706200000,0x00000007062458f0,0x000000070de00000)
 Metaspace       used 13504K, capacity 13874K, committed 14080K, reserved 1060864K
  class space    used 1587K, capacity 1699K, committed 1792K, reserved 1048576K
}
Event: 3,146 GC heap before
{Heap before GC invocations=4 (full 0):
 PSYoungGen      total 55808K, used 55808K [0x0000000782100000, 0x0000000788e00000, 0x00000007c0000000)
  eden space 48128K, 100% used [0x0000000782100000,0x0000000785000000,0x0000000785000000)
  from space 7680K, 100% used [0x0000000785000000,0x0000000785780000,0x0000000785780000)
  to   space 7680K, 0% used [0x0000000788680000,0x0000000788680000,0x0000000788e00000)
 ParOldGen       total 126976K, used 278K [0x0000000706200000, 0x000000070de00000, 0x0000000782100000)
  object space 126976K, 0% used [0x0000000706200000,0x00000007062458f0,0x000000070de00000)
 Metaspace       used 13805K, capacity 14160K, committed 14336K, reserved 1062912K
  class space    used 1591K, capacity 1704K, committed 1792K, reserved 1048576K
Event: 3,161 GC heap after
Heap after GC invocations=4 (full 0):
 PSYoungGen      total 103936K, used 7648K [0x0000000782100000, 0x0000000788e00000, 0x00000007c0000000)
  eden space 96256K, 0% used [0x0000000782100000,0x0000000782100000,0x0000000787f00000)
  from space 7680K, 99% used [0x0000000788680000,0x0000000788df8020,0x0000000788e00000)
  to   space 7680K, 0% used [0x0000000787f00000,0x0000000787f00000,0x0000000788680000)
 ParOldGen       total 126976K, used 2558K [0x0000000706200000, 0x000000070de00000, 0x0000000782100000)
  object space 126976K, 2% used [0x0000000706200000,0x000000070647f8f0,0x000000070de00000)
 Metaspace       used 13805K, capacity 14160K, committed 14336K, reserved 1062912K
  class space    used 1591K, capacity 1704K, committed 1792K, reserved 1048576K
}
Event: 4,842 GC heap before
{Heap before GC invocations=5 (full 0):
 PSYoungGen      total 103936K, used 103904K [0x0000000782100000, 0x0000000788e00000, 0x00000007c0000000)
  eden space 96256K, 100% used [0x0000000782100000,0x0000000787f00000,0x0000000787f00000)
  from space 7680K, 99% used [0x0000000788680000,0x0000000788df8020,0x0000000788e00000)
  to   space 7680K, 0% used [0x0000000787f00000,0x0000000787f00000,0x0000000788680000)
 ParOldGen       total 126976K, used 2558K [0x0000000706200000, 0x000000070de00000, 0x0000000782100000)
  object space 126976K, 2% used [0x0000000706200000,0x000000070647f8f0,0x000000070de00000)
 Metaspace       used 14781K, capacity 15186K, committed 15360K, reserved 1062912K
  class space    used 1693K, capacity 1787K, committed 1792K, reserved 1048576K
Event: 4,860 GC heap after
Heap after GC invocations=5 (full 0):
 PSYoungGen      total 103936K, used 7664K [0x0000000782100000, 0x000000078f400000, 0x00000007c0000000)
  eden space 96256K, 0% used [0x0000000782100000,0x0000000782100000,0x0000000787f00000)
  from space 7680K, 99% used [0x0000000787f00000,0x000000078867c010,0x0000000788680000)
  to   space 11776K, 0% used [0x000000078e880000,0x000000078e880000,0x000000078f400000)
 ParOldGen       total 126976K, used 5008K [0x0000000706200000, 0x000000070de00000, 0x0000000782100000)
  object space 126976K, 3% used [0x0000000706200000,0x00000007066e43c8,0x000000070de00000)
 Metaspace       used 14781K, capacity 15186K, committed 15360K, reserved 1062912K
  class space    used 1693K, capacity 1787K, committed 1792K, reserved 1048576K
}
Event: 10,701 GC heap before
{Heap before GC invocations=6 (full 0):
 PSYoungGen      total 103936K, used 103920K [0x0000000782100000, 0x000000078f400000, 0x00000007c0000000)
  eden space 96256K, 100% used [0x0000000782100000,0x0000000787f00000,0x0000000787f00000)
  from space 7680K, 99% used [0x0000000787f00000,0x000000078867c010,0x0000000788680000)
  to   space 11776K, 0% used [0x000000078e880000,0x000000078e880000,0x000000078f400000)
 ParOldGen       total 126976K, used 5008K [0x0000000706200000, 0x000000070de00000, 0x0000000782100000)
  object space 126976K, 3% used [0x0000000706200000,0x00000007066e43c8,0x000000070de00000)
 Metaspace       used 15216K, capacity 15682K, committed 16000K, reserved 1062912K
  class space    used 1716K, capacity 1827K, committed 1920K, reserved 1048576K
Event: 10,723 GC heap after
Heap after GC invocations=6 (full 0):
 PSYoungGen      total 203776K, used 10275K [0x0000000782100000, 0x000000078f500000, 0x00000007c0000000)
  eden space 192000K, 0% used [0x0000000782100000,0x0000000782100000,0x000000078dc80000)
  from space 11776K, 87% used [0x000000078e880000,0x000000078f288f28,0x000000078f400000)
  to   space 12288K, 0% used [0x000000078dc80000,0x000000078dc80000,0x000000078e880000)
 ParOldGen       total 126976K, used 5016K [0x0000000706200000, 0x000000070de00000, 0x0000000782100000)
  object space 126976K, 3% used [0x0000000706200000,0x00000007066e63c8,0x000000070de00000)
 Metaspace       used 15216K, capacity 15682K, committed 16000K, reserved 1062912K
  class space    used 1716K, capacity 1827K, committed 1920K, reserved 1048576K
}
Event: 14,518 GC heap before
{Heap before GC invocations=7 (full 0):
 PSYoungGen      total 203776K, used 202275K [0x0000000782100000, 0x000000078f500000, 0x00000007c0000000)
  eden space 192000K, 100% used [0x0000000782100000,0x000000078dc80000,0x000000078dc80000)
  from space 11776K, 87% used [0x000000078e880000,0x000000078f288f28,0x000000078f400000)
  to   space 12288K, 0% used [0x000000078dc80000,0x000000078dc80000,0x000000078e880000)
 ParOldGen       total 126976K, used 5016K [0x0000000706200000, 0x000000070de00000, 0x0000000782100000)
  object space 126976K, 3% used [0x0000000706200000,0x00000007066e63c8,0x000000070de00000)
 Metaspace       used 19550K, capacity 20246K, committed 20352K, reserved 1067008K
  class space    used 2243K, capacity 2411K, committed 2432K, reserved 1048576K

