# JRE version: OpenJDK Runtime Environment (8.0_162-b12) (build 1.8.0_162-8u162-b12-0ubuntu0.17.10.2-b12)
# Java VM: OpenJDK 64-Bit Server VM (25.162-b12 mixed mode linux-amd64 compressed oops)
Heap:
 PSYoungGen      total 339456K, used 30200K [0x00000000d7100000, 0x00000000ee900000, 0x0000000100000000)
  eden space 309248K, 0% used [0x00000000d7100000,0x00000000d7100000,0x00000000e9f00000)
  from space 30208K, 99% used [0x00000000e9f00000,0x00000000ebc7e0f0,0x00000000ebc80000)
  to   space 17920K, 0% used [0x00000000ebc80000,0x00000000ebc80000,0x00000000ece00000)
 ParOldGen       total 112128K, used 62374K [0x0000000085200000, 0x000000008bf80000, 0x00000000d7100000)
  object space 112128K, 55% used [0x0000000085200000,0x0000000088ee9920,0x000000008bf80000)
 Metaspace       used 58521K, capacity 58870K, committed 59136K, reserved 1101824K
  class space    used 6545K, capacity 6639K, committed 6656K, reserved 1048576K
GC Heap History (10 events):
Event: 2,975 GC heap after
Heap after GC invocations=8 (full 1):
 PSYoungGen      total 264192K, used 7863K [0x00000000d7100000, 0x00000000e8980000, 0x0000000100000000)
  eden space 251904K, 0% used [0x00000000d7100000,0x00000000d7100000,0x00000000e6700000)
  from space 12288K, 63% used [0x00000000e6700000,0x00000000e6eadda0,0x00000000e7300000)
  to   space 12288K, 0% used [0x00000000e7d80000,0x00000000e7d80000,0x00000000e8980000)
 ParOldGen       total 73728K, used 17677K [0x0000000085200000, 0x0000000089a00000, 0x00000000d7100000)
  object space 73728K, 23% used [0x0000000085200000,0x0000000086343660,0x0000000089a00000)
 Metaspace       used 27906K, capacity 28140K, committed 28544K, reserved 1075200K
  class space    used 3343K, capacity 3386K, committed 3456K, reserved 1048576K
}
Event: 4,434 GC heap before
{Heap before GC invocations=9 (full 1):
 PSYoungGen      total 264192K, used 224584K [0x00000000d7100000, 0x00000000e8980000, 0x0000000100000000)
  eden space 251904K, 86% used [0x00000000d7100000,0x00000000e44a45b8,0x00000000e6700000)
  from space 12288K, 63% used [0x00000000e6700000,0x00000000e6eadda0,0x00000000e7300000)
  to   space 12288K, 0% used [0x00000000e7d80000,0x00000000e7d80000,0x00000000e8980000)
 ParOldGen       total 73728K, used 17677K [0x0000000085200000, 0x0000000089a00000, 0x00000000d7100000)
  object space 73728K, 23% used [0x0000000085200000,0x0000000086343660,0x0000000089a00000)
 Metaspace       used 34989K, capacity 35212K, committed 35496K, reserved 1081344K
  class space    used 4221K, capacity 4298K, committed 4352K, reserved 1048576K
Event: 4,465 GC heap after
Heap after GC invocations=9 (full 1):
 PSYoungGen      total 272384K, used 12267K [0x00000000d7100000, 0x00000000ee800000, 0x0000000100000000)
  eden space 260096K, 0% used [0x00000000d7100000,0x00000000d7100000,0x00000000e6f00000)
  from space 12288K, 99% used [0x00000000e7d80000,0x00000000e897aca0,0x00000000e8980000)
  to   space 14848K, 0% used [0x00000000e6f00000,0x00000000e6f00000,0x00000000e7d80000)
 ParOldGen       total 73728K, used 21828K [0x0000000085200000, 0x0000000089a00000, 0x00000000d7100000)
  object space 73728K, 29% used [0x0000000085200000,0x00000000867510c0,0x0000000089a00000)
 Metaspace       used 34989K, capacity 35212K, committed 35496K, reserved 1081344K
  class space    used 4221K, capacity 4298K, committed 4352K, reserved 1048576K
}
Event: 4,465 GC heap before
{Heap before GC invocations=10 (full 2):
 PSYoungGen      total 272384K, used 12267K [0x00000000d7100000, 0x00000000ee800000, 0x0000000100000000)
  eden space 260096K, 0% used [0x00000000d7100000,0x00000000d7100000,0x00000000e6f00000)
  from space 12288K, 99% used [0x00000000e7d80000,0x00000000e897aca0,0x00000000e8980000)
  to   space 14848K, 0% used [0x00000000e6f00000,0x00000000e6f00000,0x00000000e7d80000)
 ParOldGen       total 73728K, used 21828K [0x0000000085200000, 0x0000000089a00000, 0x00000000d7100000)
  object space 73728K, 29% used [0x0000000085200000,0x00000000867510c0,0x0000000089a00000)
 Metaspace       used 34989K, capacity 35212K, committed 35496K, reserved 1081344K
  class space    used 4221K, capacity 4298K, committed 4352K, reserved 1048576K
Event: 4,567 GC heap after
Heap after GC invocations=10 (full 2):
 PSYoungGen      total 272384K, used 0K [0x00000000d7100000, 0x00000000ee800000, 0x0000000100000000)
  eden space 260096K, 0% used [0x00000000d7100000,0x00000000d7100000,0x00000000e6f00000)
  from space 12288K, 0% used [0x00000000e7d80000,0x00000000e7d80000,0x00000000e8980000)
  to   space 14848K, 0% used [0x00000000e6f00000,0x00000000e6f00000,0x00000000e7d80000)
 ParOldGen       total 112128K, used 27662K [0x0000000085200000, 0x000000008bf80000, 0x00000000d7100000)
  object space 112128K, 24% used [0x0000000085200000,0x0000000086d03ad0,0x000000008bf80000)
 Metaspace       used 34989K, capacity 35212K, committed 35496K, reserved 1081344K
  class space    used 4221K, capacity 4298K, committed 4352K, reserved 1048576K
}
Event: 6,472 GC heap before
{Heap before GC invocations=11 (full 2):
 PSYoungGen      total 272384K, used 260096K [0x00000000d7100000, 0x00000000ee800000, 0x0000000100000000)
  eden space 260096K, 100% used [0x00000000d7100000,0x00000000e6f00000,0x00000000e6f00000)
  from space 12288K, 0% used [0x00000000e7d80000,0x00000000e7d80000,0x00000000e8980000)
  to   space 14848K, 0% used [0x00000000e6f00000,0x00000000e6f00000,0x00000000e7d80000)
 ParOldGen       total 112128K, used 27662K [0x0000000085200000, 0x000000008bf80000, 0x00000000d7100000)
  object space 112128K, 24% used [0x0000000085200000,0x0000000086d03ad0,0x000000008bf80000)
 Metaspace       used 47303K, capacity 47680K, committed 48128K, reserved 1091584K
  class space    used 5688K, capacity 5788K, committed 5888K, reserved 1048576K
Event: 6,492 GC heap after
Heap after GC invocations=11 (full 2):
 PSYoungGen      total 274944K, used 14825K [0x00000000d7100000, 0x00000000ece00000, 0x0000000100000000)
  eden space 260096K, 0% used [0x00000000d7100000,0x00000000d7100000,0x00000000e6f00000)
  from space 14848K, 99% used [0x00000000e6f00000,0x00000000e7d7a710,0x00000000e7d80000)
  to   space 17920K, 0% used [0x00000000ebc80000,0x00000000ebc80000,0x00000000ece00000)
 ParOldGen       total 112128K, used 32062K [0x0000000085200000, 0x000000008bf80000, 0x00000000d7100000)
  object space 112128K, 28% used [0x0000000085200000,0x000000008714fb58,0x000000008bf80000)
 Metaspace       used 47303K, capacity 47680K, committed 48128K, reserved 1091584K
  class space    used 5688K, capacity 5788K, committed 5888K, reserved 1048576K
}
Event: 8,055 GC heap before
{Heap before GC invocations=12 (full 2):
 PSYoungGen      total 274944K, used 274921K [0x00000000d7100000, 0x00000000ece00000, 0x0000000100000000)
  eden space 260096K, 100% used [0x00000000d7100000,0x00000000e6f00000,0x00000000e6f00000)
  from space 14848K, 99% used [0x00000000e6f00000,0x00000000e7d7a710,0x00000000e7d80000)
  to   space 17920K, 0% used [0x00000000ebc80000,0x00000000ebc80000,0x00000000ece00000)
 ParOldGen       total 112128K, used 32062K [0x0000000085200000, 0x000000008bf80000, 0x00000000d7100000)
  object space 112128K, 28% used [0x0000000085200000,0x000000008714fb58,0x000000008bf80000)
 Metaspace       used 52502K, capacity 52864K, committed 53248K, reserved 1095680K
  class space    used 6190K, capacity 6284K, committed 6400K, reserved 1048576K
Event: 8,112 GC heap after
Heap after GC invocations=12 (full 2):
 PSYoungGen      total 327168K, used 17918K [0x00000000d7100000, 0x00000000ee900000, 0x0000000100000000)
  eden space 309248K, 0% used [0x00000000d7100000,0x00000000d7100000,0x00000000e9f00000)
  from space 17920K, 99% used [0x00000000ebc80000,0x00000000ecdff848,0x00000000ece00000)
  to   space 30208K, 0% used [0x00000000e9f00000,0x00000000e9f00000,0x00000000ebc80000)
 ParOldGen       total 112128K, used 59998K [0x0000000085200000, 0x000000008bf80000, 0x00000000d7100000)
  object space 112128K, 53% used [0x0000000085200000,0x0000000088c97960,0x000000008bf80000)
 Metaspace       used 52502K, capacity 52864K, committed 53248K, reserved 1095680K
  class space    used 6190K, capacity 6284K, committed 6400K, reserved 1048576K
}
Event: 9,946 GC heap before
{Heap before GC invocations=13 (full 2):
 PSYoungGen      total 327168K, used 217160K [0x00000000d7100000, 0x00000000ee900000, 0x0000000100000000)
  eden space 309248K, 64% used [0x00000000d7100000,0x00000000e33928b0,0x00000000e9f00000)
  from space 17920K, 99% used [0x00000000ebc80000,0x00000000ecdff848,0x00000000ece00000)
  to   space 30208K, 0% used [0x00000000e9f00000,0x00000000e9f00000,0x00000000ebc80000)
 ParOldGen       total 112128K, used 59998K [0x0000000085200000, 0x000000008bf80000, 0x00000000d7100000)
  object space 112128K, 53% used [0x0000000085200000,0x0000000088c97960,0x000000008bf80000)
 Metaspace       used 58521K, capacity 58870K, committed 59136K, reserved 1101824K
  class space    used 6545K, capacity 6639K, committed 6656K, reserved 1048576K

